+ snow spcs image-registry login -c ppaczewskisnowhouse
Login Succeeded
++ snow spcs image-repository url openrouteservice_setup.public.image_repository -c ppaczewskisnowhouse
+ REPO_URL=sfpscogs-ppaczewski-aws-demo.registry.snowflakecomputing.com/openrouteservice_setup/public/image_repository
+ echo sfpscogs-ppaczewski-aws-demo.registry.snowflakecomputing.com/openrouteservice_setup/public/image_repository
sfpscogs-ppaczewski-aws-demo.registry.snowflakecomputing.com/openrouteservice_setup/public/image_repository
+ cd services/openrouteservice
spcs_setup.sh: line 12: cd: services/openrouteservice: No such file or directory
+ docker build --rm --platform linux/amd64 -t sfpscogs-ppaczewski-aws-demo.registry.snowflakecomputing.com/openrouteservice_setup/public/image_repository/openrouteservice:v9.0.0 .
ERROR: Cannot connect to the Docker daemon at unix:///Users/ppaczewski/.docker/run/docker.sock. Is the docker daemon running?
+ docker push sfpscogs-ppaczewski-aws-demo.registry.snowflakecomputing.com/openrouteservice_setup/public/image_repository/openrouteservice:v9.0.0
failed to connect to the docker API at unix:///Users/ppaczewski/.docker/run/docker.sock; check if the path is correct and if the daemon is running: dial unix /Users/ppaczewski/.docker/run/docker.sock: connect: no such file or directory
+ cd ../downloader
spcs_setup.sh: line 17: cd: ../downloader: No such file or directory
+ docker build --rm --platform linux/amd64 -t sfpscogs-ppaczewski-aws-demo.registry.snowflakecomputing.com/openrouteservice_setup/public/image_repository/downloader:v0.0.3 .
ERROR: Cannot connect to the Docker daemon at unix:///Users/ppaczewski/.docker/run/docker.sock. Is the docker daemon running?
+ docker push sfpscogs-ppaczewski-aws-demo.registry.snowflakecomputing.com/openrouteservice_setup/public/image_repository/downloader:v0.0.3
failed to connect to the docker API at unix:///Users/ppaczewski/.docker/run/docker.sock; check if the path is correct and if the daemon is running: dial unix /Users/ppaczewski/.docker/run/docker.sock: connect: no such file or directory
+ cd ../gateway
spcs_setup.sh: line 22: cd: ../gateway: No such file or directory
+ docker build --rm --platform linux/amd64 -t sfpscogs-ppaczewski-aws-demo.registry.snowflakecomputing.com/openrouteservice_setup/public/image_repository/routing_reverse_proxy:v0.5.6 .
ERROR: Cannot connect to the Docker daemon at unix:///Users/ppaczewski/.docker/run/docker.sock. Is the docker daemon running?
+ docker push sfpscogs-ppaczewski-aws-demo.registry.snowflakecomputing.com/openrouteservice_setup/public/image_repository/routing_reverse_proxy:v0.5.6
failed to connect to the docker API at unix:///Users/ppaczewski/.docker/run/docker.sock; check if the path is correct and if the daemon is running: dial unix /Users/ppaczewski/.docker/run/docker.sock: connect: no such file or directory
+ cd ../vroom
spcs_setup.sh: line 27: cd: ../vroom: No such file or directory
+ docker build --rm --platform linux/amd64 -t sfpscogs-ppaczewski-aws-demo.registry.snowflakecomputing.com/openrouteservice_setup/public/image_repository/vroom-docker:v1.0.1 .
ERROR: Cannot connect to the Docker daemon at unix:///Users/ppaczewski/.docker/run/docker.sock. Is the docker daemon running?
+ docker push sfpscogs-ppaczewski-aws-demo.registry.snowflakecomputing.com/openrouteservice_setup/public/image_repository/vroom-docker:v1.0.1
failed to connect to the docker API at unix:///Users/ppaczewski/.docker/run/docker.sock; check if the path is correct and if the daemon is running: dial unix /Users/ppaczewski/.docker/run/docker.sock: connect: no such file or directory
+ cd ../..
